\BOOKMARK [1][-]{section.1}{Introduction}{}
\BOOKMARK [1][-]{section.2}{Changes to System Features}{}
\BOOKMARK [2][-]{subsection.2.1}{Debugging and Evaluation}{section.2}
\BOOKMARK [2][-]{subsection.2.2}{Top Level and Saved Workspaces}{section.2}
\BOOKMARK [2][-]{subsection.2.3}{IEEE NaN's and infinites}{section.2}
\BOOKMARK [2][-]{subsection.2.4}{New Garbage Collector and Memory Requirements}{section.2}
\BOOKMARK [2][-]{subsection.2.5}{Missing and Non-Numerical Data in Graphs}{section.2}
\BOOKMARK [2][-]{subsection.2.6}{Working Directories and Directory Function}{section.2}
\BOOKMARK [2][-]{subsection.2.7}{Version Information}{section.2}
\BOOKMARK [2][-]{subsection.2.8}{Content Backgrounds}{section.2}
\BOOKMARK [1][-]{section.3}{Changes in Specific Implementations}{}
\BOOKMARK [2][-]{subsection.3.1}{Changes in the UNIX/X11 Version}{section.3}
\BOOKMARK [2][-]{subsection.3.2}{Macintosh Changes and System 7 Support}{section.3}
\BOOKMARK [2][-]{subsection.3.3}{Changes in the Microsoft Windows Version}{section.3}
\BOOKMARK [1][-]{section.4}{Improvements in Common Lisp Support}{}
\BOOKMARK [2][-]{subsection.4.1}{Introduction}{section.4}
\BOOKMARK [2][-]{subsection.4.2}{Data Types}{section.4}
\BOOKMARK [2][-]{subsection.4.3}{Scope and Extent}{section.4}
\BOOKMARK [2][-]{subsection.4.4}{Type Specifiers}{section.4}
\BOOKMARK [2][-]{subsection.4.5}{Program Structure}{section.4}
\BOOKMARK [2][-]{subsection.4.6}{Predicates}{section.4}
\BOOKMARK [2][-]{subsection.4.7}{Control Structure}{section.4}
\BOOKMARK [2][-]{subsection.4.8}{Macros}{section.4}
\BOOKMARK [2][-]{subsection.4.9}{Declarations}{section.4}
\BOOKMARK [2][-]{subsection.4.10}{Symbols}{section.4}
\BOOKMARK [2][-]{subsection.4.11}{Packages}{section.4}
\BOOKMARK [2][-]{subsection.4.12}{Numbers}{section.4}
\BOOKMARK [2][-]{subsection.4.13}{Characters}{section.4}
\BOOKMARK [2][-]{subsection.4.14}{Sequences}{section.4}
\BOOKMARK [2][-]{subsection.4.15}{Lists}{section.4}
\BOOKMARK [2][-]{subsection.4.16}{Hash Tables}{section.4}
\BOOKMARK [2][-]{subsection.4.17}{Arrays}{section.4}
\BOOKMARK [2][-]{subsection.4.18}{Strings}{section.4}
\BOOKMARK [2][-]{subsection.4.19}{Structures}{section.4}
\BOOKMARK [2][-]{subsection.4.20}{The Evaluator}{section.4}
\BOOKMARK [2][-]{subsection.4.21}{Streams}{section.4}
\BOOKMARK [2][-]{subsection.4.22}{Input/Output}{section.4}
\BOOKMARK [2][-]{subsection.4.23}{File System interface}{section.4}
\BOOKMARK [2][-]{subsection.4.24}{Errors}{section.4}
\BOOKMARK [2][-]{subsection.4.25}{Miscellaneous Features}{section.4}
\BOOKMARK [2][-]{subsection.4.26}{Loop}{section.4}
\BOOKMARK [2][-]{subsection.4.27}{Pretty Print}{section.4}
\BOOKMARK [2][-]{subsection.4.28}{CLOS}{section.4}
\BOOKMARK [2][-]{subsection.4.29}{Conditions}{section.4}
\BOOKMARK [1][-]{section.5}{Changes in the Statistical System}{}
\BOOKMARK [2][-]{subsection.5.1}{New Random Number Generators}{section.5}
\BOOKMARK [2][-]{subsection.5.2}{Changes in the Object System}{section.5}
\BOOKMARK [3][-]{subsubsection.5.2.1}{Changes in the Linear Algera System}{subsection.5.2}
\BOOKMARK [2][-]{subsection.5.3}{Other Changes}{section.5}
\BOOKMARK [1][-]{section.6}{Deleted Functions}{}
\BOOKMARK [1][-]{appendix.A}{The Step Function}{}
